# packages in environment at /var/home/znmeb/dbx-homes/Musical-Data-Science/miniforge3/envs/JupyterLab:
#
# Name                    Version                   Build  Channel
_openmp_mutex             4.5                  3_kmp_llvm    conda-forge
alsa-lib                  1.2.14               hb9d3cd8_0    conda-forge
anyio                     4.9.0              pyh29332c3_0    conda-forge
argon2-cffi               23.1.0             pyhd8ed1ab_1    conda-forge
argon2-cffi-bindings      21.2.0          py312h66e93f0_5    conda-forge
arrow                     1.3.0              pyhd8ed1ab_1    conda-forge
asttokens                 3.0.0              pyhd8ed1ab_1    conda-forge
async-lru                 2.0.5              pyh29332c3_0    conda-forge
attrs                     25.3.0             pyh71513ae_0    conda-forge
babel                     2.17.0             pyhd8ed1ab_0    conda-forge
beautifulsoup4            4.13.4             pyha770c72_0    conda-forge
blas                      2.116                       mkl    conda-forge
blas-devel                3.9.0            16_linux64_mkl    conda-forge
bleach                    6.2.0              pyh29332c3_4    conda-forge
bleach-with-css           6.2.0                h82add2a_4    conda-forge
brotli                    1.1.0                hb9d3cd8_2    conda-forge
brotli-bin                1.1.0                hb9d3cd8_2    conda-forge
brotli-python             1.1.0           py312h2ec8cdc_2    conda-forge
bzip2                     1.0.8                h4bc722e_7    conda-forge
ca-certificates           2025.1.31            hbd8a1cb_1    conda-forge
cached-property           1.5.2                hd8ed1ab_1    conda-forge
cached_property           1.5.2              pyha770c72_1    conda-forge
cairo                     1.18.4               h3394656_0    conda-forge
certifi                   2025.1.31          pyhd8ed1ab_0    conda-forge
cffi                      1.17.1          py312h06ac9bb_0    conda-forge
charset-normalizer        3.4.1              pyhd8ed1ab_0    conda-forge
comm                      0.2.2              pyhd8ed1ab_1    conda-forge
contourpy                 1.3.2           py312h68727a3_0    conda-forge
cpython                   3.12.10         py312hd8ed1ab_0    conda-forge
cuda-cccl_linux-64        12.8.90                       0    nvidia
cuda-cudart               12.4.127                      0    nvidia
cuda-cudart-dev_linux-64  12.8.90                       0    nvidia
cuda-cudart-static_linux-64 12.8.90                       0    nvidia
cuda-cudart_linux-64      12.8.90                       0    nvidia
cuda-cupti                12.4.127                      0    nvidia
cuda-libraries            12.4.1                        0    nvidia
cuda-nvrtc                12.4.127                      0    nvidia
cuda-nvtx                 12.4.127                      0    nvidia
cuda-opencl               12.8.90                       0    nvidia
cuda-runtime              12.4.1                        0    nvidia
cuda-version              12.8                          3    nvidia
cudnn                     9.3.0.75               cuda12.6    nvidia
cupy                      13.4.1          py312h78400a1_0    conda-forge
cupy-core                 13.4.1          py312h007fbcc_0    conda-forge
cutensor                  2.2.0                         0    nvidia
cutensor-cuda-12          2.2.0                         0    nvidia
cycler                    0.12.1             pyhd8ed1ab_1    conda-forge
cyrus-sasl                2.1.27               h54b06d7_7    conda-forge
dbus                      1.13.6               h5008d03_3    conda-forge
debugpy                   1.8.14          py312h2ec8cdc_0    conda-forge
decorator                 5.2.1              pyhd8ed1ab_0    conda-forge
defusedxml                0.7.1              pyhd8ed1ab_0    conda-forge
double-conversion         3.3.1                h5888daf_0    conda-forge
exceptiongroup            1.2.2              pyhd8ed1ab_1    conda-forge
executing                 2.1.0              pyhd8ed1ab_1    conda-forge
expat                     2.7.0                h5888daf_0    conda-forge
fastrlock                 0.8.3           py312h6edf5ed_1    conda-forge
filelock                  3.18.0             pyhd8ed1ab_0    conda-forge
font-ttf-dejavu-sans-mono 2.37                 hab24e00_0    conda-forge
font-ttf-inconsolata      3.000                h77eed37_0    conda-forge
font-ttf-source-code-pro  2.038                h77eed37_0    conda-forge
font-ttf-ubuntu           0.83                 h77eed37_3    conda-forge
fontconfig                2.15.0               h7e30c49_1    conda-forge
fonts-conda-ecosystem     1                             0    conda-forge
fonts-conda-forge         1                             0    conda-forge
fonttools                 4.57.0          py312h178313f_0    conda-forge
fqdn                      1.5.1              pyhd8ed1ab_1    conda-forge
freetype                  2.13.3               ha770c72_1    conda-forge
gmp                       6.3.0                hac33072_2    conda-forge
gmpy2                     2.1.5           py312h7201bc8_3    conda-forge
graphite2                 1.3.13            h59595ed_1003    conda-forge
h11                       0.14.0             pyhd8ed1ab_1    conda-forge
h2                        4.2.0              pyhd8ed1ab_0    conda-forge
harfbuzz                  11.1.0               h3beb420_0    conda-forge
hpack                     4.1.0              pyhd8ed1ab_0    conda-forge
httpcore                  1.0.7              pyh29332c3_1    conda-forge
httpx                     0.28.1             pyhd8ed1ab_0    conda-forge
hyperframe                6.1.0              pyhd8ed1ab_0    conda-forge
icu                       75.1                 he02047a_0    conda-forge
idna                      3.10               pyhd8ed1ab_1    conda-forge
importlib-metadata        8.6.1              pyha770c72_0    conda-forge
importlib_resources       6.5.2              pyhd8ed1ab_0    conda-forge
ipykernel                 6.29.5             pyh3099207_0    conda-forge
ipython                   9.1.0              pyhfb0248b_0    conda-forge
ipython_pygments_lexers   1.1.1              pyhd8ed1ab_0    conda-forge
isoduration               20.11.0            pyhd8ed1ab_1    conda-forge
jedi                      0.19.2             pyhd8ed1ab_1    conda-forge
jinja2                    3.1.6              pyhd8ed1ab_0    conda-forge
joblib                    1.4.2              pyhd8ed1ab_1    conda-forge
json5                     0.12.0             pyhd8ed1ab_0    conda-forge
jsonpointer               3.0.0           py312h7900ff3_1    conda-forge
jsonschema                4.23.0             pyhd8ed1ab_1    conda-forge
jsonschema-specifications 2024.10.1          pyhd8ed1ab_1    conda-forge
jsonschema-with-format-nongpl 4.23.0               hd8ed1ab_1    conda-forge
jupyter-lsp               2.2.5              pyhd8ed1ab_1    conda-forge
jupyter_client            8.6.3              pyhd8ed1ab_1    conda-forge
jupyter_core              5.7.2              pyh31011fe_1    conda-forge
jupyter_events            0.12.0             pyh29332c3_0    conda-forge
jupyter_server            2.15.0             pyhd8ed1ab_0    conda-forge
jupyter_server_terminals  0.5.3              pyhd8ed1ab_1    conda-forge
jupyterlab                4.4.1              pyhd8ed1ab_0    conda-forge
jupyterlab-quarto         0.3.5                    pypi_0    pypi
jupyterlab_pygments       0.3.0              pyhd8ed1ab_2    conda-forge
jupyterlab_server         2.27.3             pyhd8ed1ab_1    conda-forge
keyutils                  1.6.1                h166bdaf_0    conda-forge
kiwisolver                1.4.8           py312h84d6215_0    conda-forge
krb5                      1.21.3               h659f571_0    conda-forge
lcms2                     2.17                 h717163a_0    conda-forge
ld_impl_linux-64          2.43                 h712a8e2_4    conda-forge
lerc                      4.0.0                h0aef613_1    conda-forge
libblas                   3.9.0            16_linux64_mkl    conda-forge
libbrotlicommon           1.1.0                hb9d3cd8_2    conda-forge
libbrotlidec              1.1.0                hb9d3cd8_2    conda-forge
libbrotlienc              1.1.0                hb9d3cd8_2    conda-forge
libcblas                  3.9.0            16_linux64_mkl    conda-forge
libclang-cpp20.1          20.1.3          default_h1df26ce_0    conda-forge
libclang13                20.1.3          default_he06ed0a_0    conda-forge
libcublas                 12.4.5.8                      0    nvidia
libcufft                  11.2.1.3                      0    nvidia
libcufile                 1.13.1.3                      0    nvidia
libcups                   2.3.3                h4637d8d_4    conda-forge
libcurand                 10.3.9.90                     0    nvidia
libcusolver               11.6.1.9                      0    nvidia
libcusparse               12.3.1.170                    0    nvidia
libcutensor-cuda-12       2.2.0.0                       0    nvidia
libcutensor-dev-cuda-12   2.2.0.0                       0    nvidia
libdeflate                1.23                 h86f0d12_0    conda-forge
libdrm                    2.4.124              hb9d3cd8_0    conda-forge
libedit                   3.1.20250104    pl5321h7949ede_0    conda-forge
libegl                    1.7.0                ha4b6fd6_2    conda-forge
libexpat                  2.7.0                h5888daf_0    conda-forge
libffi                    3.4.6                h2dba641_1    conda-forge
libfreetype               2.13.3               ha770c72_1    conda-forge
libfreetype6              2.13.3               h48d6fc4_1    conda-forge
libgcc                    14.2.0               h767d61c_2    conda-forge
libgcc-ng                 14.2.0               h69a702a_2    conda-forge
libgfortran               14.2.0               h69a702a_2    conda-forge
libgfortran-ng            14.2.0               h69a702a_2    conda-forge
libgfortran5              14.2.0               hf1ad2bd_2    conda-forge
libgl                     1.7.0                ha4b6fd6_2    conda-forge
libglib                   2.84.1               h2ff4ddf_0    conda-forge
libglvnd                  1.7.0                ha4b6fd6_2    conda-forge
libglx                    1.7.0                ha4b6fd6_2    conda-forge
libhwloc                  2.11.2          default_h0d58e46_1001    conda-forge
libiconv                  1.18                 h4ce23a2_1    conda-forge
libjpeg-turbo             3.1.0                hb9d3cd8_0    conda-forge
liblapack                 3.9.0            16_linux64_mkl    conda-forge
liblapacke                3.9.0            16_linux64_mkl    conda-forge
libllvm20                 20.1.3               he9d0ab4_0    conda-forge
liblzma                   5.8.1                hb9d3cd8_0    conda-forge
libnpp                    12.2.5.30                     0    nvidia
libnsl                    2.0.1                hd590300_0    conda-forge
libntlm                   1.8                  hb9d3cd8_0    conda-forge
libnvfatbin               12.8.90                       0    nvidia
libnvjitlink              12.4.127                      0    nvidia
libnvjpeg                 12.3.1.117                    0    nvidia
libopengl                 1.7.0                ha4b6fd6_2    conda-forge
libpciaccess              0.18                 hd590300_0    conda-forge
libpng                    1.6.47               h943b412_0    conda-forge
libpq                     17.4                 h27ae623_1    conda-forge
libsodium                 1.0.20               h4ab18f5_0    conda-forge
libsqlite                 3.49.1               hee588c1_2    conda-forge
libstdcxx                 14.2.0               h8f9b012_2    conda-forge
libstdcxx-ng              14.2.0               h4852527_2    conda-forge
libtiff                   4.7.0                hd9ff511_4    conda-forge
libuuid                   2.38.1               h0b41bf4_0    conda-forge
libwebp-base              1.5.0                h851e524_0    conda-forge
libxcb                    1.17.0               h8a09558_0    conda-forge
libxcrypt                 4.4.36               hd590300_1    conda-forge
libxkbcommon              1.8.1                hc4a0caf_0    conda-forge
libxml2                   2.13.7               h4bc477f_1    conda-forge
libxslt                   1.1.39               h76b75d6_0    conda-forge
libzlib                   1.3.1                hb9d3cd8_2    conda-forge
llvm-openmp               15.0.7               h0cdce71_0    conda-forge
llvmlite                  0.44.0          py312h374181b_1    conda-forge
markupsafe                3.0.2           py312h178313f_1    conda-forge
matplotlib                3.10.1          py312h7900ff3_0    conda-forge
matplotlib-base           3.10.1          py312hd3ec401_0    conda-forge
matplotlib-inline         0.1.7              pyhd8ed1ab_1    conda-forge
mistune                   3.1.3              pyh29332c3_0    conda-forge
mkl                       2022.1.0           h84fe81f_915    conda-forge
mkl-devel                 2022.1.0           ha770c72_916    conda-forge
mkl-include               2022.1.0           h84fe81f_915    conda-forge
mpc                       1.3.1                h24ddda3_1    conda-forge
mpfr                      4.2.1                h90cbb55_3    conda-forge
mpmath                    1.3.0              pyhd8ed1ab_1    conda-forge
munkres                   1.1.4              pyh9f0ad1d_0    conda-forge
mysql-common              9.2.0                h266115a_0    conda-forge
mysql-libs                9.2.0                he0572af_0    conda-forge
nbclient                  0.10.2             pyhd8ed1ab_0    conda-forge
nbconvert-core            7.16.6             pyh29332c3_0    conda-forge
nbformat                  5.10.4             pyhd8ed1ab_1    conda-forge
nccl                      2.26.2.1             ha44e49d_1    conda-forge
ncurses                   6.5                  h2d0b736_3    conda-forge
nest-asyncio              1.6.0              pyhd8ed1ab_1    conda-forge
networkx                  3.4.2              pyh267e887_2    conda-forge
notebook-shim             0.2.4              pyhd8ed1ab_1    conda-forge
numba                     0.61.2          py312h2e6246c_0    conda-forge
numpy                     2.2.5           py312h72c5963_0    conda-forge
nvidia-ml-py              12.570.86          pyhd8ed1ab_0    conda-forge
nvitop                    1.4.2              pyh707e725_0    conda-forge
ocl-icd                   2.3.3                hb9d3cd8_0    conda-forge
opencl-headers            2024.10.24           h5888daf_0    conda-forge
openjpeg                  2.5.3                h5fbd93e_0    conda-forge
openldap                  2.6.9                he970967_0    conda-forge
openssl                   3.5.0                h7b32b05_0    conda-forge
overrides                 7.7.0              pyhd8ed1ab_1    conda-forge
packaging                 25.0               pyh29332c3_1    conda-forge
pandas                    2.2.3           py312hf9745cd_3    conda-forge
pandocfilters             1.5.0              pyhd8ed1ab_0    conda-forge
parso                     0.8.4              pyhd8ed1ab_1    conda-forge
pcre2                     10.44                hba22ea6_2    conda-forge
pexpect                   4.9.0              pyhd8ed1ab_1    conda-forge
pickleshare               0.7.5           pyhd8ed1ab_1004    conda-forge
pillow                    11.1.0          py312h80c1187_0    conda-forge
pip                       25.0.1             pyh8b19718_0    conda-forge
pixman                    0.44.2               h29eaf8c_0    conda-forge
pkgutil-resolve-name      1.3.10             pyhd8ed1ab_2    conda-forge
platformdirs              4.3.7              pyh29332c3_0    conda-forge
prometheus_client         0.21.1             pyhd8ed1ab_0    conda-forge
prompt-toolkit            3.0.51             pyha770c72_0    conda-forge
psutil                    7.0.0           py312h66e93f0_0    conda-forge
pthread-stubs             0.4               hb9d3cd8_1002    conda-forge
ptyprocess                0.7.0              pyhd8ed1ab_1    conda-forge
pure_eval                 0.2.3              pyhd8ed1ab_1    conda-forge
pycparser                 2.22               pyh29332c3_1    conda-forge
pygments                  2.19.1             pyhd8ed1ab_0    conda-forge
pyparsing                 3.2.3              pyhd8ed1ab_1    conda-forge
pyside6                   6.9.0           py312h91f0f75_0    conda-forge
pysocks                   1.7.1              pyha55dd90_7    conda-forge
python                    3.12.10         h9e4cc4f_0_cpython    conda-forge
python-dateutil           2.9.0.post0        pyhff2d567_1    conda-forge
python-fastjsonschema     2.21.1             pyhd8ed1ab_0    conda-forge
python-json-logger        2.0.7              pyhd8ed1ab_0    conda-forge
python-tzdata             2025.2             pyhd8ed1ab_0    conda-forge
python_abi                3.12                    7_cp312    conda-forge
pytorch                   2.5.1           py3.12_cuda12.4_cudnn9.1.0_0    pytorch
pytorch-cuda              12.4                 hc786d27_7    pytorch
pytorch-mutex             1.0                        cuda    pytorch
pytz                      2025.2             pyhd8ed1ab_0    conda-forge
pyyaml                    6.0.2           py312h178313f_2    conda-forge
pyzmq                     26.4.0          py312hbf22597_0    conda-forge
qhull                     2020.2               h434a139_5    conda-forge
qt6-main                  6.9.0                h6441bc3_1    conda-forge
readline                  8.2                  h8c095d6_2    conda-forge
referencing               0.36.2             pyh29332c3_0    conda-forge
requests                  2.32.3             pyhd8ed1ab_1    conda-forge
rfc3339-validator         0.1.4              pyhd8ed1ab_1    conda-forge
rfc3986-validator         0.1.1              pyh9f0ad1d_0    conda-forge
rpds-py                   0.24.0          py312h3b7be25_0    conda-forge
scikit-learn              1.6.1           py312h7a48858_0    conda-forge
scipy                     1.15.2          py312ha707e6e_0    conda-forge
send2trash                1.8.3              pyh0d859eb_1    conda-forge
setuptools                79.0.0             pyhff2d567_0    conda-forge
six                       1.17.0             pyhd8ed1ab_0    conda-forge
sniffio                   1.3.1              pyhd8ed1ab_1    conda-forge
soupsieve                 2.5                pyhd8ed1ab_1    conda-forge
stack_data                0.6.3              pyhd8ed1ab_1    conda-forge
sympy                     1.13.3           pyh2585a3b_105    conda-forge
tbb                       2021.13.0            hceb3a55_1    conda-forge
terminado                 0.18.1             pyh0d859eb_0    conda-forge
threadpoolctl             3.6.0              pyhecae5ae_0    conda-forge
tinycss2                  1.4.0              pyhd8ed1ab_0    conda-forge
tk                        8.6.13          noxft_h4845f30_101    conda-forge
tomli                     2.2.1              pyhd8ed1ab_1    conda-forge
torchaudio                2.5.1               py312_cu124    pytorch
torchtriton               3.1.0                     py312    pytorch
tornado                   6.4.2           py312h66e93f0_0    conda-forge
traitlets                 5.14.3             pyhd8ed1ab_1    conda-forge
types-python-dateutil     2.9.0.20241206     pyhd8ed1ab_0    conda-forge
typing-extensions         4.13.2               h0e9735f_0    conda-forge
typing_extensions         4.13.2             pyh29332c3_0    conda-forge
typing_utils              0.1.0              pyhd8ed1ab_1    conda-forge
tzdata                    2025b                h78e105d_0    conda-forge
unicodedata2              16.0.0          py312h66e93f0_0    conda-forge
uri-template              1.3.0              pyhd8ed1ab_1    conda-forge
urllib3                   2.4.0              pyhd8ed1ab_0    conda-forge
wayland                   1.23.1               h3e06ad9_0    conda-forge
wcwidth                   0.2.13             pyhd8ed1ab_1    conda-forge
webcolors                 24.11.1            pyhd8ed1ab_0    conda-forge
webencodings              0.5.1              pyhd8ed1ab_3    conda-forge
websocket-client          1.8.0              pyhd8ed1ab_1    conda-forge
wheel                     0.45.1             pyhd8ed1ab_1    conda-forge
xcb-util                  0.4.1                hb711507_2    conda-forge
xcb-util-cursor           0.1.5                hb9d3cd8_0    conda-forge
xcb-util-image            0.4.0                hb711507_2    conda-forge
xcb-util-keysyms          0.4.1                hb711507_0    conda-forge
xcb-util-renderutil       0.3.10               hb711507_0    conda-forge
xcb-util-wm               0.4.2                hb711507_0    conda-forge
xkeyboard-config          2.43                 hb9d3cd8_0    conda-forge
xorg-libice               1.1.2                hb9d3cd8_0    conda-forge
xorg-libsm                1.2.6                he73a12e_0    conda-forge
xorg-libx11               1.8.12               h4f16b4b_0    conda-forge
xorg-libxau               1.0.12               hb9d3cd8_0    conda-forge
xorg-libxcomposite        0.4.6                hb9d3cd8_2    conda-forge
xorg-libxcursor           1.2.3                hb9d3cd8_0    conda-forge
xorg-libxdamage           1.1.6                hb9d3cd8_0    conda-forge
xorg-libxdmcp             1.1.5                hb9d3cd8_0    conda-forge
xorg-libxext              1.3.6                hb9d3cd8_0    conda-forge
xorg-libxfixes            6.0.1                hb9d3cd8_0    conda-forge
xorg-libxi                1.8.2                hb9d3cd8_0    conda-forge
xorg-libxrandr            1.5.4                hb9d3cd8_0    conda-forge
xorg-libxrender           0.9.12               hb9d3cd8_0    conda-forge
xorg-libxtst              1.2.5                hb9d3cd8_3    conda-forge
xorg-libxxf86vm           1.1.6                hb9d3cd8_0    conda-forge
yaml                      0.2.5                h7f98852_2    conda-forge
zeromq                    4.3.5                h3b0a872_7    conda-forge
zipp                      3.21.0             pyhd8ed1ab_1    conda-forge
zstandard                 0.23.0          py312h66e93f0_1    conda-forge
zstd                      1.5.7                hb8e6e7a_2    conda-forge
