Reading package lists...
Building dependency tree...
Reading state information...
apt-file is already the newest version (3.3).
bash-completion is already the newest version (1:2.11-8).
build-essential is already the newest version (12.10ubuntu1).
cmake is already the newest version (3.28.3-1build7).
curl is already the newest version (8.5.0-2ubuntu10.6).
file is already the newest version (1:5.45-3build1).
gettext is already the newest version (0.21-14ubuntu2).
lsb-release is already the newest version (12.0-2).
lynx is already the newest version (2.9.0rel.0-2build2).
man-db is already the newest version (2.12.0-4build2).
minicom is already the newest version (2.9-4).
plocate is already the newest version (1.1.19-2ubuntu2).
python3-dev is already the newest version (3.12.3-0ubuntu2).
python3-pip is already the newest version (24.0+dfsg-1ubuntu1.1).
python3-setuptools is already the newest version (68.1.2-2ubuntu1.1).
python3-venv is already the newest version (3.12.3-0ubuntu2).
python3-wheel is already the newest version (0.42.0-2).
screen is already the newest version (4.9.1-1build1).
speedtest-cli is already the newest version (2.1.3-2).
tmux is already the newest version (3.4-1ubuntu0.1).
tree is already the newest version (2.1.1-2ubuntu3).
unzip is already the newest version (6.0-28ubuntu4.1).
usbutils is already the newest version (1:017-3build1).
wget is already the newest version (1.21.4-1ubuntu4.1).
0 upgraded, 0 newly installed, 0 to remove and 0 not upgraded.
0.00user 0.00system 0:01.26elapsed 0%CPU (0avgtext+0avgdata 6868maxresident)k
0inputs+0outputs (0major+603minor)pagefaults 0swaps
